[2025-12-09 22:39:52] local.ERROR: The C:\Users\Cococaina\Documents\ApiGestorTareaWeb_Corregida_Final_V2\ApiGestorTareaWeb_Final_V2\ApiGestorTareaWeb\bootstrap\cache directory must be present and writable. {"exception":"[object] (Exception(code: 0): The C:\\Users\\Cococaina\\Documents\\ApiGestorTareaWeb_Corregida_Final_V2\\ApiGestorTareaWeb_Final_V2\\ApiGestorTareaWeb\\bootstrap\\cache directory must be present and writable. at C:\\Users\\Cococaina\\Documents\\ApiGestorTareaWeb_Corregida_Final_V2\\ApiGestorTareaWeb_Final_V2\\ApiGestorTareaWeb\\vendor\\laravel\\framework\\src\\Illuminate\\Foundation\\PackageManifest.php:178)
[stacktrace]
#0 C:\\Users\\Cococaina\\Documents\\ApiGestorTareaWeb_Corregida_Final_V2\\ApiGestorTareaWeb_Final_V2\\ApiGestorTareaWeb\\vendor\\laravel\\framework\\src\\Illuminate\\Foundation\\PackageManifest.php(137): Illuminate\\Foundation\\PackageManifest->write(Array)
#1 C:\\Users\\Cococaina\\Documents\\ApiGestorTareaWeb_Corregida_Final_V2\\ApiGestorTareaWeb_Final_V2\\ApiGestorTareaWeb\\vendor\\laravel\\framework\\src\\Illuminate\\Foundation\\PackageManifest.php(107): Illuminate\\Foundation\\PackageManifest->build()
#2 C:\\Users\\Cococaina\\Documents\\ApiGestorTareaWeb_Corregida_Final_V2\\ApiGestorTareaWeb_Final_V2\\ApiGestorTareaWeb\\vendor\\laravel\\framework\\src\\Illuminate\\Foundation\\PackageManifest.php(90): Illuminate\\Foundation\\PackageManifest->getManifest()
#3 C:\\Users\\Cococaina\\Documents\\ApiGestorTareaWeb_Corregida_Final_V2\\ApiGestorTareaWeb_Final_V2\\ApiGestorTareaWeb\\vendor\\laravel\\framework\\src\\Illuminate\\Foundation\\PackageManifest.php(79): Illuminate\\Foundation\\PackageManifest->config('aliases')
#4 C:\\Users\\Cococaina\\Documents\\ApiGestorTareaWeb_Corregida_Final_V2\\ApiGestorTareaWeb_Final_V2\\ApiGestorTareaWeb\\vendor\\laravel\\framework\\src\\Illuminate\\Foundation\\Bootstrap\\RegisterFacades.php(26): Illuminate\\Foundation\\PackageManifest->aliases()
#5 C:\\Users\\Cococaina\\Documents\\ApiGestorTareaWeb_Corregida_Final_V2\\ApiGestorTareaWeb_Final_V2\\ApiGestorTareaWeb\\vendor\\laravel\\framework\\src\\Illuminate\\Foundation\\Application.php(286): Illuminate\\Foundation\\Bootstrap\\RegisterFacades->bootstrap(Object(Illuminate\\Foundation\\Application))
#6 C:\\Users\\Cococaina\\Documents\\ApiGestorTareaWeb_Corregida_Final_V2\\ApiGestorTareaWeb_Final_V2\\ApiGestorTareaWeb\\vendor\\laravel\\framework\\src\\Illuminate\\Foundation\\Console\\Kernel.php(447): Illuminate\\Foundation\\Application->bootstrapWith(Array)
#7 C:\\Users\\Cococaina\\Documents\\ApiGestorTareaWeb_Corregida_Final_V2\\ApiGestorTareaWeb_Final_V2\\ApiGestorTareaWeb\\vendor\\laravel\\framework\\src\\Illuminate\\Foundation\\Console\\Kernel.php(199): Illuminate\\Foundation\\Console\\Kernel->bootstrap()
#8 C:\\Users\\Cococaina\\Documents\\ApiGestorTareaWeb_Corregida_Final_V2\\ApiGestorTareaWeb_Final_V2\\ApiGestorTareaWeb\\artisan(37): Illuminate\\Foundation\\Console\\Kernel->handle(Object(Symfony\\Component\\Console\\Input\\ArgvInput), Object(Symfony\\Component\\Console\\Output\\ConsoleOutput))
#9 {main}
"} 
[2025-12-09 22:41:54] local.ERROR: Please provide a valid cache path. {"exception":"[object] (InvalidArgumentException(code: 0): Please provide a valid cache path. at C:\\Users\\Cococaina\\Documents\\ApiGestorTareaWeb_Corregida_Final_V2\\ApiGestorTareaWeb_Final_V2\\ApiGestorTareaWeb\\vendor\\laravel\\framework\\src\\Illuminate\\View\\Compilers\\Compiler.php:67)
[stacktrace]
#0 C:\\Users\\Cococaina\\Documents\\ApiGestorTareaWeb_Corregida_Final_V2\\ApiGestorTareaWeb_Final_V2\\ApiGestorTareaWeb\\vendor\\laravel\\framework\\src\\Illuminate\\View\\ViewServiceProvider.php(102): Illuminate\\View\\Compilers\\Compiler->__construct(Object(Illuminate\\Filesystem\\Filesystem), false, '', true, 'php')
#1 C:\\Users\\Cococaina\\Documents\\ApiGestorTareaWeb_Corregida_Final_V2\\ApiGestorTareaWeb_Final_V2\\ApiGestorTareaWeb\\vendor\\laravel\\framework\\src\\Illuminate\\Container\\Container.php(908): Illuminate\\View\\ViewServiceProvider->Illuminate\\View\\{closure}(Object(Illuminate\\Foundation\\Application), Array)
#2 C:\\Users\\Cococaina\\Documents\\ApiGestorTareaWeb_Corregida_Final_V2\\ApiGestorTareaWeb_Final_V2\\ApiGestorTareaWeb\\vendor\\laravel\\framework\\src\\Illuminate\\Container\\Container.php(795): Illuminate\\Container\\Container->build(Object(Closure))
#3 C:\\Users\\Cococaina\\Documents\\ApiGestorTareaWeb_Corregida_Final_V2\\ApiGestorTareaWeb_Final_V2\\ApiGestorTareaWeb\\vendor\\laravel\\framework\\src\\Illuminate\\Foundation\\Application.php(986): Illuminate\\Container\\Container->resolve('blade.compiler', Array, true)
#4 C:\\Users\\Cococaina\\Documents\\ApiGestorTareaWeb_Corregida_Final_V2\\ApiGestorTareaWeb_Final_V2\\ApiGestorTareaWeb\\vendor\\laravel\\framework\\src\\Illuminate\\Container\\Container.php(731): Illuminate\\Foundation\\Application->resolve('blade.compiler', Array)
#5 C:\\Users\\Cococaina\\Documents\\ApiGestorTareaWeb_Corregida_Final_V2\\ApiGestorTareaWeb_Final_V2\\ApiGestorTareaWeb\\vendor\\laravel\\framework\\src\\Illuminate\\Foundation\\Application.php(971): Illuminate\\Container\\Container->make('blade.compiler', Array)
#6 C:\\Users\\Cococaina\\Documents\\ApiGestorTareaWeb_Corregida_Final_V2\\ApiGestorTareaWeb_Final_V2\\ApiGestorTareaWeb\\vendor\\laravel\\framework\\src\\Illuminate\\View\\ViewServiceProvider.php(168): Illuminate\\Foundation\\Application->make('blade.compiler')
#7 [internal function]: Illuminate\\View\\ViewServiceProvider->Illuminate\\View\\{closure}()
#8 C:\\Users\\Cococaina\\Documents\\ApiGestorTareaWeb_Corregida_Final_V2\\ApiGestorTareaWeb_Final_V2\\ApiGestorTareaWeb\\vendor\\laravel\\framework\\src\\Illuminate\\View\\Engines\\EngineResolver.php(55): call_user_func(Object(Closure))
#9 C:\\Users\\Cococaina\\Documents\\ApiGestorTareaWeb_Corregida_Final_V2\\ApiGestorTareaWeb_Final_V2\\ApiGestorTareaWeb\\vendor\\laravel\\framework\\src\\Illuminate\\View\\Factory.php(310): Illuminate\\View\\Engines\\EngineResolver->resolve('blade')
#10 C:\\Users\\Cococaina\\Documents\\ApiGestorTareaWeb_Corregida_Final_V2\\ApiGestorTareaWeb_Final_V2\\ApiGestorTareaWeb\\vendor\\laravel\\framework\\src\\Illuminate\\View\\Factory.php(274): Illuminate\\View\\Factory->getEngineFromPath('C:\\\\Users\\\\Cococa...')
#11 C:\\Users\\Cococaina\\Documents\\ApiGestorTareaWeb_Corregida_Final_V2\\ApiGestorTareaWeb_Final_V2\\ApiGestorTareaWeb\\vendor\\laravel\\framework\\src\\Illuminate\\View\\Factory.php(146): Illuminate\\View\\Factory->viewInstance('app', 'C:\\\\Users\\\\Cococa...', Array)
#12 C:\\Users\\Cococaina\\Documents\\ApiGestorTareaWeb_Corregida_Final_V2\\ApiGestorTareaWeb_Final_V2\\ApiGestorTareaWeb\\vendor\\laravel\\framework\\src\\Illuminate\\Foundation\\helpers.php(1020): Illuminate\\View\\Factory->make('app', Array, Array)
#13 C:\\Users\\Cococaina\\Documents\\ApiGestorTareaWeb_Corregida_Final_V2\\ApiGestorTareaWeb_Final_V2\\ApiGestorTareaWeb\\routes\\web.php(6): view('app')
#14 C:\\Users\\Cococaina\\Documents\\ApiGestorTareaWeb_Corregida_Final_V2\\ApiGestorTareaWeb_Final_V2\\ApiGestorTareaWeb\\vendor\\laravel\\framework\\src\\Illuminate\\Routing\\CallableDispatcher.php(40): Illuminate\\Routing\\RouteFileRegistrar->{closure}()
#15 C:\\Users\\Cococaina\\Documents\\ApiGestorTareaWeb_Corregida_Final_V2\\ApiGestorTareaWeb_Final_V2\\ApiGestorTareaWeb\\vendor\\laravel\\framework\\src\\Illuminate\\Routing\\Route.php(237): Illuminate\\Routing\\CallableDispatcher->dispatch(Object(Illuminate\\Routing\\Route), Object(Closure))
#16 C:\\Users\\Cococaina\\Documents\\ApiGestorTareaWeb_Corregida_Final_V2\\ApiGestorTareaWeb_Final_V2\\ApiGestorTareaWeb\\vendor\\laravel\\framework\\src\\Illuminate\\Routing\\Route.php(208): Illuminate\\Routing\\Route->runCallable()
#17 C:\\Users\\Cococaina\\Documents\\ApiGestorTareaWeb_Corregida_Final_V2\\ApiGestorTareaWeb_Final_V2\\ApiGestorTareaWeb\\vendor\\laravel\\framework\\src\\Illuminate\\Routing\\Router.php(806): Illuminate\\Routing\\Route->run()
#18 C:\\Users\\Cococaina\\Documents\\ApiGestorTareaWeb_Corregida_Final_V2\\ApiGestorTareaWeb_Final_V2\\ApiGestorTareaWeb\\vendor\\laravel\\framework\\src\\Illuminate\\Pipeline\\Pipeline.php(144): Illuminate\\Routing\\Router->Illuminate\\Routing\\{closure}(Object(Illuminate\\Http\\Request))
#19 C:\\Users\\Cococaina\\Documents\\ApiGestorTareaWeb_Corregida_Final_V2\\ApiGestorTareaWeb_Final_V2\\ApiGestorTareaWeb\\vendor\\laravel\\framework\\src\\Illuminate\\Routing\\Middleware\\SubstituteBindings.php(50): Illuminate\\Pipeline\\Pipeline->Illuminate\\Pipeline\\{closure}(Object(Illuminate\\Http\\Request))
#20 C:\\Users\\Cococaina\\Documents\\ApiGestorTareaWeb_Corregida_Final_V2\\ApiGestorTareaWeb_Final_V2\\ApiGestorTareaWeb\\vendor\\laravel\\framework\\src\\Illuminate\\Pipeline\\Pipeline.php(183): Illuminate\\Routing\\Middleware\\SubstituteBindings->handle(Object(Illuminate\\Http\\Request), Object(Closure))
#21 C:\\Users\\Cococaina\\Documents\\ApiGestorTareaWeb_Corregida_Final_V2\\ApiGestorTareaWeb_Final_V2\\ApiGestorTareaWeb\\vendor\\laravel\\framework\\src\\Illuminate\\Foundation\\Http\\Middleware\\VerifyCsrfToken.php(78): Illuminate\\Pipeline\\Pipeline->Illuminate\\Pipeline\\{closure}(Object(Illuminate\\Http\\Request))
#22 C:\\Users\\Cococaina\\Documents\\ApiGestorTareaWeb_Corregida_Final_V2\\ApiGestorTareaWeb_Final_V2\\ApiGestorTareaWeb\\vendor\\laravel\\framework\\src\\Illuminate\\Pipeline\\Pipeline.php(183): Illuminate\\Foundation\\Http\\Middleware\\VerifyCsrfToken->handle(Object(Illuminate\\Http\\Request), Object(Closure))
#23 C:\\Users\\Cococaina\\Documents\\ApiGestorTareaWeb_Corregida_Final_V2\\ApiGestorTareaWeb_Final_V2\\ApiGestorTareaWeb\\vendor\\laravel\\framework\\src\\Illuminate\\View\\Middleware\\ShareErrorsFromSession.php(49): Illuminate\\Pipeline\\Pipeline->Illuminate\\Pipeline\\{closure}(Object(Illuminate\\Http\\Request))
#24 C:\\Users\\Cococaina\\Documents\\ApiGestorTareaWeb_Corregida_Final_V2\\ApiGestorTareaWeb_Final_V2\\ApiGestorTareaWeb\\vendor\\laravel\\framework\\src\\Illuminate\\Pipeline\\Pipeline.php(183): Illuminate\\View\\Middleware\\ShareErrorsFromSession->handle(Object(Illuminate\\Http\\Request), Object(Closure))
#25 C:\\Users\\Cococaina\\Documents\\ApiGestorTareaWeb_Corregida_Final_V2\\ApiGestorTareaWeb_Final_V2\\ApiGestorTareaWeb\\vendor\\laravel\\framework\\src\\Illuminate\\Session\\Middleware\\StartSession.php(121): Illuminate\\Pipeline\\Pipeline->Illuminate\\Pipeline\\{closure}(Object(Illuminate\\Http\\Request))
#26 C:\\Users\\Cococaina\\Documents\\ApiGestorTareaWeb_Corregida_Final_V2\\ApiGestorTareaWeb_Final_V2\\ApiGestorTareaWeb\\vendor\\laravel\\framework\\src\\Illuminate\\Session\\Middleware\\StartSession.php(64): Illuminate\\Session\\Middleware\\StartSession->handleStatefulRequest(Object(Illuminate\\Http\\Request), Object(Illuminate\\Session\\Store), Object(Closure))
#27 C:\\Users\\Cococaina\\Documents\\ApiGestorTareaWeb_Corregida_Final_V2\\ApiGestorTareaWeb_Final_V2\\ApiGestorTareaWeb\\vendor\\laravel\\framework\\src\\Illuminate\\Pipeline\\Pipeline.php(183): Illuminate\\Session\\Middleware\\StartSession->handle(Object(Illuminate\\Http\\Request), Object(Closure))
#28 C:\\Users\\Cococaina\\Documents\\ApiGestorTareaWeb_Corregida_Final_V2\\ApiGestorTareaWeb_Final_V2\\ApiGestorTareaWeb\\vendor\\laravel\\framework\\src\\Illuminate\\Cookie\\Middleware\\AddQueuedCookiesToResponse.php(37): Illuminate\\Pipeline\\Pipeline->Illuminate\\Pipeline\\{closure}(Object(Illuminate\\Http\\Request))
#29 C:\\Users\\Cococaina\\Documents\\ApiGestorTareaWeb_Corregida_Final_V2\\ApiGestorTareaWeb_Final_V2\\ApiGestorTareaWeb\\vendor\\laravel\\framework\\src\\Illuminate\\Pipeline\\Pipeline.php(183): Illuminate\\Cookie\\Middleware\\AddQueuedCookiesToResponse->handle(Object(Illuminate\\Http\\Request), Object(Closure))
#30 C:\\Users\\Cococaina\\Documents\\ApiGestorTareaWeb_Corregida_Final_V2\\ApiGestorTareaWeb_Final_V2\\ApiGestorTareaWeb\\vendor\\laravel\\framework\\src\\Illuminate\\Cookie\\Middleware\\EncryptCookies.php(67): Illuminate\\Pipeline\\Pipeline->Illuminate\\Pipeline\\{closure}(Object(Illuminate\\Http\\Request))
#31 C:\\Users\\Cococaina\\Documents\\ApiGestorTareaWeb_Corregida_Final_V2\\ApiGestorTareaWeb_Final_V2\\ApiGestorTareaWeb\\vendor\\laravel\\framework\\src\\Illuminate\\Pipeline\\Pipeline.php(183): Illuminate\\Cookie\\Middleware\\EncryptCookies->handle(Object(Illuminate\\Http\\Request), Object(Closure))
#32 C:\\Users\\Cococaina\\Documents\\ApiGestorTareaWeb_Corregida_Final_V2\\ApiGestorTareaWeb_Final_V2\\ApiGestorTareaWeb\\vendor\\laravel\\framework\\src\\Illuminate\\Pipeline\\Pipeline.php(119): Illuminate\\Pipeline\\Pipeline->Illuminate\\Pipeline\\{closure}(Object(Illuminate\\Http\\Request))
#33 C:\\Users\\Cococaina\\Documents\\ApiGestorTareaWeb_Corregida_Final_V2\\ApiGestorTareaWeb_Final_V2\\ApiGestorTareaWeb\\vendor\\laravel\\framework\\src\\Illuminate\\Routing\\Router.php(807): Illuminate\\Pipeline\\Pipeline->then(Object(Closure))
#34 C:\\Users\\Cococaina\\Documents\\ApiGestorTareaWeb_Corregida_Final_V2\\ApiGestorTareaWeb_Final_V2\\ApiGestorTareaWeb\\vendor\\laravel\\framework\\src\\Illuminate\\Routing\\Router.php(784): Illuminate\\Routing\\Router->runRouteWithinStack(Object(Illuminate\\Routing\\Route), Object(Illuminate\\Http\\Request))
#35 C:\\Users\\Cococaina\\Documents\\ApiGestorTareaWeb_Corregida_Final_V2\\ApiGestorTareaWeb_Final_V2\\ApiGestorTareaWeb\\vendor\\laravel\\framework\\src\\Illuminate\\Routing\\Router.php(748): Illuminate\\Routing\\Router->runRoute(Object(Illuminate\\Http\\Request), Object(Illuminate\\Routing\\Route))
#36 C:\\Users\\Cococaina\\Documents\\ApiGestorTareaWeb_Corregida_Final_V2\\ApiGestorTareaWeb_Final_V2\\ApiGestorTareaWeb\\vendor\\laravel\\framework\\src\\Illuminate\\Routing\\Router.php(737): Illuminate\\Routing\\Router->dispatchToRoute(Object(Illuminate\\Http\\Request))
#37 C:\\Users\\Cococaina\\Documents\\ApiGestorTareaWeb_Corregida_Final_V2\\ApiGestorTareaWeb_Final_V2\\ApiGestorTareaWeb\\vendor\\laravel\\framework\\src\\Illuminate\\Foundation\\Http\\Kernel.php(200): Illuminate\\Routing\\Router->dispatch(Object(Illuminate\\Http\\Request))
#38 C:\\Users\\Cococaina\\Documents\\ApiGestorTareaWeb_Corregida_Final_V2\\ApiGestorTareaWeb_Final_V2\\ApiGestorTareaWeb\\vendor\\laravel\\framework\\src\\Illuminate\\Pipeline\\Pipeline.php(144): Illuminate\\Foundation\\Http\\Kernel->Illuminate\\Foundation\\Http\\{closure}(Object(Illuminate\\Http\\Request))
#39 C:\\Users\\Cococaina\\Documents\\ApiGestorTareaWeb_Corregida_Final_V2\\ApiGestorTareaWeb_Final_V2\\ApiGestorTareaWeb\\vendor\\laravel\\framework\\src\\Illuminate\\Foundation\\Http\\Middleware\\TransformsRequest.php(21): Illuminate\\Pipeline\\Pipeline->Illuminate\\Pipeline\\{closure}(Object(Illuminate\\Http\\Request))
#40 C:\\Users\\Cococaina\\Documents\\ApiGestorTareaWeb_Corregida_Final_V2\\ApiGestorTareaWeb_Final_V2\\ApiGestorTareaWeb\\vendor\\laravel\\framework\\src\\Illuminate\\Foundation\\Http\\Middleware\\ConvertEmptyStringsToNull.php(31): Illuminate\\Foundation\\Http\\Middleware\\TransformsRequest->handle(Object(Illuminate\\Http\\Request), Object(Closure))
#41 C:\\Users\\Cococaina\\Documents\\ApiGestorTareaWeb_Corregida_Final_V2\\ApiGestorTareaWeb_Final_V2\\ApiGestorTareaWeb\\vendor\\laravel\\framework\\src\\Illuminate\\Pipeline\\Pipeline.php(183): Illuminate\\Foundation\\Http\\Middleware\\ConvertEmptyStringsToNull->handle(Object(Illuminate\\Http\\Request), Object(Closure))
#42 C:\\Users\\Cococaina\\Documents\\ApiGestorTareaWeb_Corregida_Final_V2\\ApiGestorTareaWeb_Final_V2\\ApiGestorTareaWeb\\vendor\\laravel\\framework\\src\\Illuminate\\Foundation\\Http\\Middleware\\TransformsRequest.php(21): Illuminate\\Pipeline\\Pipeline->Illuminate\\Pipeline\\{closure}(Object(Illuminate\\Http\\Request))
#43 C:\\Users\\Cococaina\\Documents\\ApiGestorTareaWeb_Corregida_Final_V2\\ApiGestorTareaWeb_Final_V2\\ApiGestorTareaWeb\\vendor\\laravel\\framework\\src\\Illuminate\\Foundation\\Http\\Middleware\\TrimStrings.php(40): Illuminate\\Foundation\\Http\\Middleware\\TransformsRequest->handle(Object(Illuminate\\Http\\Request), Object(Closure))
#44 C:\\Users\\Cococaina\\Documents\\ApiGestorTareaWeb_Corregida_Final_V2\\ApiGestorTareaWeb_Final_V2\\ApiGestorTareaWeb\\vendor\\laravel\\framework\\src\\Illuminate\\Pipeline\\Pipeline.php(183): Illuminate\\Foundation\\Http\\Middleware\\TrimStrings->handle(Object(Illuminate\\Http\\Request), Object(Closure))
#45 C:\\Users\\Cococaina\\Documents\\ApiGestorTareaWeb_Corregida_Final_V2\\ApiGestorTareaWeb_Final_V2\\ApiGestorTareaWeb\\vendor\\laravel\\framework\\src\\Illuminate\\Foundation\\Http\\Middleware\\ValidatePostSize.php(27): Illuminate\\Pipeline\\Pipeline->Illuminate\\Pipeline\\{closure}(Object(Illuminate\\Http\\Request))
#46 C:\\Users\\Cococaina\\Documents\\ApiGestorTareaWeb_Corregida_Final_V2\\ApiGestorTareaWeb_Final_V2\\ApiGestorTareaWeb\\vendor\\laravel\\framework\\src\\Illuminate\\Pipeline\\Pipeline.php(183): Illuminate\\Foundation\\Http\\Middleware\\ValidatePostSize->handle(Object(Illuminate\\Http\\Request), Object(Closure))
#47 C:\\Users\\Cococaina\\Documents\\ApiGestorTareaWeb_Corregida_Final_V2\\ApiGestorTareaWeb_Final_V2\\ApiGestorTareaWeb\\vendor\\laravel\\framework\\src\\Illuminate\\Foundation\\Http\\Middleware\\PreventRequestsDuringMaintenance.php(99): Illuminate\\Pipeline\\Pipeline->Illuminate\\Pipeline\\{closure}(Object(Illuminate\\Http\\Request))
#48 C:\\Users\\Cococaina\\Documents\\ApiGestorTareaWeb_Corregida_Final_V2\\ApiGestorTareaWeb_Final_V2\\ApiGestorTareaWeb\\vendor\\laravel\\framework\\src\\Illuminate\\Pipeline\\Pipeline.php(183): Illuminate\\Foundation\\Http\\Middleware\\PreventRequestsDuringMaintenance->handle(Object(Illuminate\\Http\\Request), Object(Closure))
#49 C:\\Users\\Cococaina\\Documents\\ApiGestorTareaWeb_Corregida_Final_V2\\ApiGestorTareaWeb_Final_V2\\ApiGestorTareaWeb\\vendor\\laravel\\framework\\src\\Illuminate\\Http\\Middleware\\HandleCors.php(49): Illuminate\\Pipeline\\Pipeline->Illuminate\\Pipeline\\{closure}(Object(Illuminate\\Http\\Request))
#50 C:\\Users\\Cococaina\\Documents\\ApiGestorTareaWeb_Corregida_Final_V2\\ApiGestorTareaWeb_Final_V2\\ApiGestorTareaWeb\\vendor\\laravel\\framework\\src\\Illuminate\\Pipeline\\Pipeline.php(183): Illuminate\\Http\\Middleware\\HandleCors->handle(Object(Illuminate\\Http\\Request), Object(Closure))
#51 C:\\Users\\Cococaina\\Documents\\ApiGestorTareaWeb_Corregida_Final_V2\\ApiGestorTareaWeb_Final_V2\\ApiGestorTareaWeb\\vendor\\laravel\\framework\\src\\Illuminate\\Http\\Middleware\\TrustProxies.php(39): Illuminate\\Pipeline\\Pipeline->Illuminate\\Pipeline\\{closure}(Object(Illuminate\\Http\\Request))
#52 C:\\Users\\Cococaina\\Documents\\ApiGestorTareaWeb_Corregida_Final_V2\\ApiGestorTareaWeb_Final_V2\\ApiGestorTareaWeb\\vendor\\laravel\\framework\\src\\Illuminate\\Pipeline\\Pipeline.php(183): Illuminate\\Http\\Middleware\\TrustProxies->handle(Object(Illuminate\\Http\\Request), Object(Closure))
#53 C:\\Users\\Cococaina\\Documents\\ApiGestorTareaWeb_Corregida_Final_V2\\ApiGestorTareaWeb_Final_V2\\ApiGestorTareaWeb\\vendor\\laravel\\framework\\src\\Illuminate\\Pipeline\\Pipeline.php(119): Illuminate\\Pipeline\\Pipeline->Illuminate\\Pipeline\\{closure}(Object(Illuminate\\Http\\Request))
#54 C:\\Users\\Cococaina\\Documents\\ApiGestorTareaWeb_Corregida_Final_V2\\ApiGestorTareaWeb_Final_V2\\ApiGestorTareaWeb\\vendor\\laravel\\framework\\src\\Illuminate\\Foundation\\Http\\Kernel.php(175): Illuminate\\Pipeline\\Pipeline->then(Object(Closure))
#55 C:\\Users\\Cococaina\\Documents\\ApiGestorTareaWeb_Corregida_Final_V2\\ApiGestorTareaWeb_Final_V2\\ApiGestorTareaWeb\\vendor\\laravel\\framework\\src\\Illuminate\\Foundation\\Http\\Kernel.php(144): Illuminate\\Foundation\\Http\\Kernel->sendRequestThroughRouter(Object(Illuminate\\Http\\Request))
#56 C:\\Users\\Cococaina\\Documents\\ApiGestorTareaWeb_Corregida_Final_V2\\ApiGestorTareaWeb_Final_V2\\ApiGestorTareaWeb\\public\\index.php(52): Illuminate\\Foundation\\Http\\Kernel->handle(Object(Illuminate\\Http\\Request))
#57 C:\\Users\\Cococaina\\Documents\\ApiGestorTareaWeb_Corregida_Final_V2\\ApiGestorTareaWeb_Final_V2\\ApiGestorTareaWeb\\vendor\\laravel\\framework\\src\\Illuminate\\Foundation\\resources\\server.php(16): require_once('C:\\\\Users\\\\Cococa...')
#58 {main}
"} 
[2025-12-09 22:41:55] local.ERROR: file_put_contents(C:\Users\Cococaina\Documents\ApiGestorTareaWeb_Corregida_Final_V2\ApiGestorTareaWeb_Final_V2\ApiGestorTareaWeb\storage\framework/sessions/UBp7tLZxkE7QPywrCWEf7BQfSe9Nghfw2tzmCrK2): Failed to open stream: No such file or directory {"exception":"[object] (ErrorException(code: 0): file_put_contents(C:\\Users\\Cococaina\\Documents\\ApiGestorTareaWeb_Corregida_Final_V2\\ApiGestorTareaWeb_Final_V2\\ApiGestorTareaWeb\\storage\\framework/sessions/UBp7tLZxkE7QPywrCWEf7BQfSe9Nghfw2tzmCrK2): Failed to open stream: No such file or directory at C:\\Users\\Cococaina\\Documents\\ApiGestorTareaWeb_Corregida_Final_V2\\ApiGestorTareaWeb_Final_V2\\ApiGestorTareaWeb\\vendor\\laravel\\framework\\src\\Illuminate\\Filesystem\\Filesystem.php:204)
[stacktrace]
#0 C:\\Users\\Cococaina\\Documents\\ApiGestorTareaWeb_Corregida_Final_V2\\ApiGestorTareaWeb_Final_V2\\ApiGestorTareaWeb\\vendor\\laravel\\framework\\src\\Illuminate\\Foundation\\Bootstrap\\HandleExceptions.php(255): Illuminate\\Foundation\\Bootstrap\\HandleExceptions->handleError(2, 'file_put_conten...', 'C:\\\\Users\\\\Cococa...', 204)
#1 [internal function]: Illuminate\\Foundation\\Bootstrap\\HandleExceptions->Illuminate\\Foundation\\Bootstrap\\{closure}(2, 'file_put_conten...', 'C:\\\\Users\\\\Cococa...', 204)
#2 C:\\Users\\Cococaina\\Documents\\ApiGestorTareaWeb_Corregida_Final_V2\\ApiGestorTareaWeb_Final_V2\\ApiGestorTareaWeb\\vendor\\laravel\\framework\\src\\Illuminate\\Filesystem\\Filesystem.php(204): file_put_contents('C:\\\\Users\\\\Cococa...', 'a:3:{s:6:\"_toke...', 2)
#3 C:\\Users\\Cococaina\\Documents\\ApiGestorTareaWeb_Corregida_Final_V2\\ApiGestorTareaWeb_Final_V2\\ApiGestorTareaWeb\\vendor\\laravel\\framework\\src\\Illuminate\\Session\\FileSessionHandler.php(90): Illuminate\\Filesystem\\Filesystem->put('C:\\\\Users\\\\Cococa...', 'a:3:{s:6:\"_toke...', true)
#4 C:\\Users\\Cococaina\\Documents\\ApiGestorTareaWeb_Corregida_Final_V2\\ApiGestorTareaWeb_Final_V2\\ApiGestorTareaWeb\\vendor\\laravel\\framework\\src\\Illuminate\\Session\\Store.php(173): Illuminate\\Session\\FileSessionHandler->write('UBp7tLZxkE7QPyw...', 'a:3:{s:6:\"_toke...')
#5 C:\\Users\\Cococaina\\Documents\\ApiGestorTareaWeb_Corregida_Final_V2\\ApiGestorTareaWeb_Final_V2\\ApiGestorTareaWeb\\vendor\\laravel\\framework\\src\\Illuminate\\Session\\Middleware\\StartSession.php(245): Illuminate\\Session\\Store->save()
#6 C:\\Users\\Cococaina\\Documents\\ApiGestorTareaWeb_Corregida_Final_V2\\ApiGestorTareaWeb_Final_V2\\ApiGestorTareaWeb\\vendor\\laravel\\framework\\src\\Illuminate\\Session\\Middleware\\StartSession.php(130): Illuminate\\Session\\Middleware\\StartSession->saveSession(Object(Illuminate\\Http\\Request))
#7 C:\\Users\\Cococaina\\Documents\\ApiGestorTareaWeb_Corregida_Final_V2\\ApiGestorTareaWeb_Final_V2\\ApiGestorTareaWeb\\vendor\\laravel\\framework\\src\\Illuminate\\Session\\Middleware\\StartSession.php(64): Illuminate\\Session\\Middleware\\StartSession->handleStatefulRequest(Object(Illuminate\\Http\\Request), Object(Illuminate\\Session\\Store), Object(Closure))
#8 C:\\Users\\Cococaina\\Documents\\ApiGestorTareaWeb_Corregida_Final_V2\\ApiGestorTareaWeb_Final_V2\\ApiGestorTareaWeb\\vendor\\laravel\\framework\\src\\Illuminate\\Pipeline\\Pipeline.php(183): Illuminate\\Session\\Middleware\\StartSession->handle(Object(Illuminate\\Http\\Request), Object(Closure))
#9 C:\\Users\\Cococaina\\Documents\\ApiGestorTareaWeb_Corregida_Final_V2\\ApiGestorTareaWeb_Final_V2\\ApiGestorTareaWeb\\vendor\\laravel\\framework\\src\\Illuminate\\Cookie\\Middleware\\AddQueuedCookiesToResponse.php(37): Illuminate\\Pipeline\\Pipeline->Illuminate\\Pipeline\\{closure}(Object(Illuminate\\Http\\Request))
#10 C:\\Users\\Cococaina\\Documents\\ApiGestorTareaWeb_Corregida_Final_V2\\ApiGestorTareaWeb_Final_V2\\ApiGestorTareaWeb\\vendor\\laravel\\framework\\src\\Illuminate\\Pipeline\\Pipeline.php(183): Illuminate\\Cookie\\Middleware\\AddQueuedCookiesToResponse->handle(Object(Illuminate\\Http\\Request), Object(Closure))
#11 C:\\Users\\Cococaina\\Documents\\ApiGestorTareaWeb_Corregida_Final_V2\\ApiGestorTareaWeb_Final_V2\\ApiGestorTareaWeb\\vendor\\laravel\\framework\\src\\Illuminate\\Cookie\\Middleware\\EncryptCookies.php(67): Illuminate\\Pipeline\\Pipeline->Illuminate\\Pipeline\\{closure}(Object(Illuminate\\Http\\Request))
#12 C:\\Users\\Cococaina\\Documents\\ApiGestorTareaWeb_Corregida_Final_V2\\ApiGestorTareaWeb_Final_V2\\ApiGestorTareaWeb\\vendor\\laravel\\framework\\src\\Illuminate\\Pipeline\\Pipeline.php(183): Illuminate\\Cookie\\Middleware\\EncryptCookies->handle(Object(Illuminate\\Http\\Request), Object(Closure))
#13 C:\\Users\\Cococaina\\Documents\\ApiGestorTareaWeb_Corregida_Final_V2\\ApiGestorTareaWeb_Final_V2\\ApiGestorTareaWeb\\vendor\\laravel\\framework\\src\\Illuminate\\Pipeline\\Pipeline.php(119): Illuminate\\Pipeline\\Pipeline->Illuminate\\Pipeline\\{closure}(Object(Illuminate\\Http\\Request))
#14 C:\\Users\\Cococaina\\Documents\\ApiGestorTareaWeb_Corregida_Final_V2\\ApiGestorTareaWeb_Final_V2\\ApiGestorTareaWeb\\vendor\\laravel\\framework\\src\\Illuminate\\Routing\\Router.php(807): Illuminate\\Pipeline\\Pipeline->then(Object(Closure))
#15 C:\\Users\\Cococaina\\Documents\\ApiGestorTareaWeb_Corregida_Final_V2\\ApiGestorTareaWeb_Final_V2\\ApiGestorTareaWeb\\vendor\\laravel\\framework\\src\\Illuminate\\Routing\\Router.php(784): Illuminate\\Routing\\Router->runRouteWithinStack(Object(Illuminate\\Routing\\Route), Object(Illuminate\\Http\\Request))
#16 C:\\Users\\Cococaina\\Documents\\ApiGestorTareaWeb_Corregida_Final_V2\\ApiGestorTareaWeb_Final_V2\\ApiGestorTareaWeb\\vendor\\laravel\\framework\\src\\Illuminate\\Routing\\Router.php(748): Illuminate\\Routing\\Router->runRoute(Object(Illuminate\\Http\\Request), Object(Illuminate\\Routing\\Route))
#17 C:\\Users\\Cococaina\\Documents\\ApiGestorTareaWeb_Corregida_Final_V2\\ApiGestorTareaWeb_Final_V2\\ApiGestorTareaWeb\\vendor\\laravel\\framework\\src\\Illuminate\\Routing\\Router.php(737): Illuminate\\Routing\\Router->dispatchToRoute(Object(Illuminate\\Http\\Request))
#18 C:\\Users\\Cococaina\\Documents\\ApiGestorTareaWeb_Corregida_Final_V2\\ApiGestorTareaWeb_Final_V2\\ApiGestorTareaWeb\\vendor\\laravel\\framework\\src\\Illuminate\\Foundation\\Http\\Kernel.php(200): Illuminate\\Routing\\Router->dispatch(Object(Illuminate\\Http\\Request))
#19 C:\\Users\\Cococaina\\Documents\\ApiGestorTareaWeb_Corregida_Final_V2\\ApiGestorTareaWeb_Final_V2\\ApiGestorTareaWeb\\vendor\\laravel\\framework\\src\\Illuminate\\Pipeline\\Pipeline.php(144): Illuminate\\Foundation\\Http\\Kernel->Illuminate\\Foundation\\Http\\{closure}(Object(Illuminate\\Http\\Request))
#20 C:\\Users\\Cococaina\\Documents\\ApiGestorTareaWeb_Corregida_Final_V2\\ApiGestorTareaWeb_Final_V2\\ApiGestorTareaWeb\\vendor\\laravel\\framework\\src\\Illuminate\\Foundation\\Http\\Middleware\\TransformsRequest.php(21): Illuminate\\Pipeline\\Pipeline->Illuminate\\Pipeline\\{closure}(Object(Illuminate\\Http\\Request))
#21 C:\\Users\\Cococaina\\Documents\\ApiGestorTareaWeb_Corregida_Final_V2\\ApiGestorTareaWeb_Final_V2\\ApiGestorTareaWeb\\vendor\\laravel\\framework\\src\\Illuminate\\Foundation\\Http\\Middleware\\ConvertEmptyStringsToNull.php(31): Illuminate\\Foundation\\Http\\Middleware\\TransformsRequest->handle(Object(Illuminate\\Http\\Request), Object(Closure))
#22 C:\\Users\\Cococaina\\Documents\\ApiGestorTareaWeb_Corregida_Final_V2\\ApiGestorTareaWeb_Final_V2\\ApiGestorTareaWeb\\vendor\\laravel\\framework\\src\\Illuminate\\Pipeline\\Pipeline.php(183): Illuminate\\Foundation\\Http\\Middleware\\ConvertEmptyStringsToNull->handle(Object(Illuminate\\Http\\Request), Object(Closure))
#23 C:\\Users\\Cococaina\\Documents\\ApiGestorTareaWeb_Corregida_Final_V2\\ApiGestorTareaWeb_Final_V2\\ApiGestorTareaWeb\\vendor\\laravel\\framework\\src\\Illuminate\\Foundation\\Http\\Middleware\\TransformsRequest.php(21): Illuminate\\Pipeline\\Pipeline->Illuminate\\Pipeline\\{closure}(Object(Illuminate\\Http\\Request))
#24 C:\\Users\\Cococaina\\Documents\\ApiGestorTareaWeb_Corregida_Final_V2\\ApiGestorTareaWeb_Final_V2\\ApiGestorTareaWeb\\vendor\\laravel\\framework\\src\\Illuminate\\Foundation\\Http\\Middleware\\TrimStrings.php(40): Illuminate\\Foundation\\Http\\Middleware\\TransformsRequest->handle(Object(Illuminate\\Http\\Request), Object(Closure))
#25 C:\\Users\\Cococaina\\Documents\\ApiGestorTareaWeb_Corregida_Final_V2\\ApiGestorTareaWeb_Final_V2\\ApiGestorTareaWeb\\vendor\\laravel\\framework\\src\\Illuminate\\Pipeline\\Pipeline.php(183): Illuminate\\Foundation\\Http\\Middleware\\TrimStrings->handle(Object(Illuminate\\Http\\Request), Object(Closure))
#26 C:\\Users\\Cococaina\\Documents\\ApiGestorTareaWeb_Corregida_Final_V2\\ApiGestorTareaWeb_Final_V2\\ApiGestorTareaWeb\\vendor\\laravel\\framework\\src\\Illuminate\\Foundation\\Http\\Middleware\\ValidatePostSize.php(27): Illuminate\\Pipeline\\Pipeline->Illuminate\\Pipeline\\{closure}(Object(Illuminate\\Http\\Request))
#27 C:\\Users\\Cococaina\\Documents\\ApiGestorTareaWeb_Corregida_Final_V2\\ApiGestorTareaWeb_Final_V2\\ApiGestorTareaWeb\\vendor\\laravel\\framework\\src\\Illuminate\\Pipeline\\Pipeline.php(183): Illuminate\\Foundation\\Http\\Middleware\\ValidatePostSize->handle(Object(Illuminate\\Http\\Request), Object(Closure))
#28 C:\\Users\\Cococaina\\Documents\\ApiGestorTareaWeb_Corregida_Final_V2\\ApiGestorTareaWeb_Final_V2\\ApiGestorTareaWeb\\vendor\\laravel\\framework\\src\\Illuminate\\Foundation\\Http\\Middleware\\PreventRequestsDuringMaintenance.php(99): Illuminate\\Pipeline\\Pipeline->Illuminate\\Pipeline\\{closure}(Object(Illuminate\\Http\\Request))
#29 C:\\Users\\Cococaina\\Documents\\ApiGestorTareaWeb_Corregida_Final_V2\\ApiGestorTareaWeb_Final_V2\\ApiGestorTareaWeb\\vendor\\laravel\\framework\\src\\Illuminate\\Pipeline\\Pipeline.php(183): Illuminate\\Foundation\\Http\\Middleware\\PreventRequestsDuringMaintenance->handle(Object(Illuminate\\Http\\Request), Object(Closure))
#30 C:\\Users\\Cococaina\\Documents\\ApiGestorTareaWeb_Corregida_Final_V2\\ApiGestorTareaWeb_Final_V2\\ApiGestorTareaWeb\\vendor\\laravel\\framework\\src\\Illuminate\\Http\\Middleware\\HandleCors.php(49): Illuminate\\Pipeline\\Pipeline->Illuminate\\Pipeline\\{closure}(Object(Illuminate\\Http\\Request))
#31 C:\\Users\\Cococaina\\Documents\\ApiGestorTareaWeb_Corregida_Final_V2\\ApiGestorTareaWeb_Final_V2\\ApiGestorTareaWeb\\vendor\\laravel\\framework\\src\\Illuminate\\Pipeline\\Pipeline.php(183): Illuminate\\Http\\Middleware\\HandleCors->handle(Object(Illuminate\\Http\\Request), Object(Closure))
#32 C:\\Users\\Cococaina\\Documents\\ApiGestorTareaWeb_Corregida_Final_V2\\ApiGestorTareaWeb_Final_V2\\ApiGestorTareaWeb\\vendor\\laravel\\framework\\src\\Illuminate\\Http\\Middleware\\TrustProxies.php(39): Illuminate\\Pipeline\\Pipeline->Illuminate\\Pipeline\\{closure}(Object(Illuminate\\Http\\Request))
#33 C:\\Users\\Cococaina\\Documents\\ApiGestorTareaWeb_Corregida_Final_V2\\ApiGestorTareaWeb_Final_V2\\ApiGestorTareaWeb\\vendor\\laravel\\framework\\src\\Illuminate\\Pipeline\\Pipeline.php(183): Illuminate\\Http\\Middleware\\TrustProxies->handle(Object(Illuminate\\Http\\Request), Object(Closure))
#34 C:\\Users\\Cococaina\\Documents\\ApiGestorTareaWeb_Corregida_Final_V2\\ApiGestorTareaWeb_Final_V2\\ApiGestorTareaWeb\\vendor\\laravel\\framework\\src\\Illuminate\\Pipeline\\Pipeline.php(119): Illuminate\\Pipeline\\Pipeline->Illuminate\\Pipeline\\{closure}(Object(Illuminate\\Http\\Request))
#35 C:\\Users\\Cococaina\\Documents\\ApiGestorTareaWeb_Corregida_Final_V2\\ApiGestorTareaWeb_Final_V2\\ApiGestorTareaWeb\\vendor\\laravel\\framework\\src\\Illuminate\\Foundation\\Http\\Kernel.php(175): Illuminate\\Pipeline\\Pipeline->then(Object(Closure))
#36 C:\\Users\\Cococaina\\Documents\\ApiGestorTareaWeb_Corregida_Final_V2\\ApiGestorTareaWeb_Final_V2\\ApiGestorTareaWeb\\vendor\\laravel\\framework\\src\\Illuminate\\Foundation\\Http\\Kernel.php(144): Illuminate\\Foundation\\Http\\Kernel->sendRequestThroughRouter(Object(Illuminate\\Http\\Request))
#37 C:\\Users\\Cococaina\\Documents\\ApiGestorTareaWeb_Corregida_Final_V2\\ApiGestorTareaWeb_Final_V2\\ApiGestorTareaWeb\\public\\index.php(52): Illuminate\\Foundation\\Http\\Kernel->handle(Object(Illuminate\\Http\\Request))
#38 C:\\Users\\Cococaina\\Documents\\ApiGestorTareaWeb_Corregida_Final_V2\\ApiGestorTareaWeb_Final_V2\\ApiGestorTareaWeb\\vendor\\laravel\\framework\\src\\Illuminate\\Foundation\\resources\\server.php(16): require_once('C:\\\\Users\\\\Cococa...')
#39 {main}
"} 
[2025-12-09 22:42:01] local.ERROR: Please provide a valid cache path. {"exception":"[object] (InvalidArgumentException(code: 0): Please provide a valid cache path. at C:\\Users\\Cococaina\\Documents\\ApiGestorTareaWeb_Corregida_Final_V2\\ApiGestorTareaWeb_Final_V2\\ApiGestorTareaWeb\\vendor\\laravel\\framework\\src\\Illuminate\\View\\Compilers\\Compiler.php:67)
[stacktrace]
#0 C:\\Users\\Cococaina\\Documents\\ApiGestorTareaWeb_Corregida_Final_V2\\ApiGestorTareaWeb_Final_V2\\ApiGestorTareaWeb\\vendor\\laravel\\framework\\src\\Illuminate\\View\\ViewServiceProvider.php(102): Illuminate\\View\\Compilers\\Compiler->__construct(Object(Illuminate\\Filesystem\\Filesystem), false, '', true, 'php')
#1 C:\\Users\\Cococaina\\Documents\\ApiGestorTareaWeb_Corregida_Final_V2\\ApiGestorTareaWeb_Final_V2\\ApiGestorTareaWeb\\vendor\\laravel\\framework\\src\\Illuminate\\Container\\Container.php(908): Illuminate\\View\\ViewServiceProvider->Illuminate\\View\\{closure}(Object(Illuminate\\Foundation\\Application), Array)
#2 C:\\Users\\Cococaina\\Documents\\ApiGestorTareaWeb_Corregida_Final_V2\\ApiGestorTareaWeb_Final_V2\\ApiGestorTareaWeb\\vendor\\laravel\\framework\\src\\Illuminate\\Container\\Container.php(795): Illuminate\\Container\\Container->build(Object(Closure))
#3 C:\\Users\\Cococaina\\Documents\\ApiGestorTareaWeb_Corregida_Final_V2\\ApiGestorTareaWeb_Final_V2\\ApiGestorTareaWeb\\vendor\\laravel\\framework\\src\\Illuminate\\Foundation\\Application.php(986): Illuminate\\Container\\Container->resolve('blade.compiler', Array, true)
#4 C:\\Users\\Cococaina\\Documents\\ApiGestorTareaWeb_Corregida_Final_V2\\ApiGestorTareaWeb_Final_V2\\ApiGestorTareaWeb\\vendor\\laravel\\framework\\src\\Illuminate\\Container\\Container.php(731): Illuminate\\Foundation\\Application->resolve('blade.compiler', Array)
#5 C:\\Users\\Cococaina\\Documents\\ApiGestorTareaWeb_Corregida_Final_V2\\ApiGestorTareaWeb_Final_V2\\ApiGestorTareaWeb\\vendor\\laravel\\framework\\src\\Illuminate\\Foundation\\Application.php(971): Illuminate\\Container\\Container->make('blade.compiler', Array)
#6 C:\\Users\\Cococaina\\Documents\\ApiGestorTareaWeb_Corregida_Final_V2\\ApiGestorTareaWeb_Final_V2\\ApiGestorTareaWeb\\vendor\\laravel\\framework\\src\\Illuminate\\View\\ViewServiceProvider.php(168): Illuminate\\Foundation\\Application->make('blade.compiler')
#7 [internal function]: Illuminate\\View\\ViewServiceProvider->Illuminate\\View\\{closure}()
#8 C:\\Users\\Cococaina\\Documents\\ApiGestorTareaWeb_Corregida_Final_V2\\ApiGestorTareaWeb_Final_V2\\ApiGestorTareaWeb\\vendor\\laravel\\framework\\src\\Illuminate\\View\\Engines\\EngineResolver.php(55): call_user_func(Object(Closure))
#9 C:\\Users\\Cococaina\\Documents\\ApiGestorTareaWeb_Corregida_Final_V2\\ApiGestorTareaWeb_Final_V2\\ApiGestorTareaWeb\\vendor\\laravel\\framework\\src\\Illuminate\\View\\Factory.php(310): Illuminate\\View\\Engines\\EngineResolver->resolve('blade')
#10 C:\\Users\\Cococaina\\Documents\\ApiGestorTareaWeb_Corregida_Final_V2\\ApiGestorTareaWeb_Final_V2\\ApiGestorTareaWeb\\vendor\\laravel\\framework\\src\\Illuminate\\View\\Factory.php(274): Illuminate\\View\\Factory->getEngineFromPath('C:\\\\Users\\\\Cococa...')
#11 C:\\Users\\Cococaina\\Documents\\ApiGestorTareaWeb_Corregida_Final_V2\\ApiGestorTareaWeb_Final_V2\\ApiGestorTareaWeb\\vendor\\laravel\\framework\\src\\Illuminate\\View\\Factory.php(146): Illuminate\\View\\Factory->viewInstance('app', 'C:\\\\Users\\\\Cococa...', Array)
#12 C:\\Users\\Cococaina\\Documents\\ApiGestorTareaWeb_Corregida_Final_V2\\ApiGestorTareaWeb_Final_V2\\ApiGestorTareaWeb\\vendor\\laravel\\framework\\src\\Illuminate\\Foundation\\helpers.php(1020): Illuminate\\View\\Factory->make('app', Array, Array)
#13 C:\\Users\\Cococaina\\Documents\\ApiGestorTareaWeb_Corregida_Final_V2\\ApiGestorTareaWeb_Final_V2\\ApiGestorTareaWeb\\routes\\web.php(6): view('app')
#14 C:\\Users\\Cococaina\\Documents\\ApiGestorTareaWeb_Corregida_Final_V2\\ApiGestorTareaWeb_Final_V2\\ApiGestorTareaWeb\\vendor\\laravel\\framework\\src\\Illuminate\\Routing\\CallableDispatcher.php(40): Illuminate\\Routing\\RouteFileRegistrar->{closure}()
#15 C:\\Users\\Cococaina\\Documents\\ApiGestorTareaWeb_Corregida_Final_V2\\ApiGestorTareaWeb_Final_V2\\ApiGestorTareaWeb\\vendor\\laravel\\framework\\src\\Illuminate\\Routing\\Route.php(237): Illuminate\\Routing\\CallableDispatcher->dispatch(Object(Illuminate\\Routing\\Route), Object(Closure))
#16 C:\\Users\\Cococaina\\Documents\\ApiGestorTareaWeb_Corregida_Final_V2\\ApiGestorTareaWeb_Final_V2\\ApiGestorTareaWeb\\vendor\\laravel\\framework\\src\\Illuminate\\Routing\\Route.php(208): Illuminate\\Routing\\Route->runCallable()
#17 C:\\Users\\Cococaina\\Documents\\ApiGestorTareaWeb_Corregida_Final_V2\\ApiGestorTareaWeb_Final_V2\\ApiGestorTareaWeb\\vendor\\laravel\\framework\\src\\Illuminate\\Routing\\Router.php(806): Illuminate\\Routing\\Route->run()
#18 C:\\Users\\Cococaina\\Documents\\ApiGestorTareaWeb_Corregida_Final_V2\\ApiGestorTareaWeb_Final_V2\\ApiGestorTareaWeb\\vendor\\laravel\\framework\\src\\Illuminate\\Pipeline\\Pipeline.php(144): Illuminate\\Routing\\Router->Illuminate\\Routing\\{closure}(Object(Illuminate\\Http\\Request))
#19 C:\\Users\\Cococaina\\Documents\\ApiGestorTareaWeb_Corregida_Final_V2\\ApiGestorTareaWeb_Final_V2\\ApiGestorTareaWeb\\vendor\\laravel\\framework\\src\\Illuminate\\Routing\\Middleware\\SubstituteBindings.php(50): Illuminate\\Pipeline\\Pipeline->Illuminate\\Pipeline\\{closure}(Object(Illuminate\\Http\\Request))
#20 C:\\Users\\Cococaina\\Documents\\ApiGestorTareaWeb_Corregida_Final_V2\\ApiGestorTareaWeb_Final_V2\\ApiGestorTareaWeb\\vendor\\laravel\\framework\\src\\Illuminate\\Pipeline\\Pipeline.php(183): Illuminate\\Routing\\Middleware\\SubstituteBindings->handle(Object(Illuminate\\Http\\Request), Object(Closure))
#21 C:\\Users\\Cococaina\\Documents\\ApiGestorTareaWeb_Corregida_Final_V2\\ApiGestorTareaWeb_Final_V2\\ApiGestorTareaWeb\\vendor\\laravel\\framework\\src\\Illuminate\\Foundation\\Http\\Middleware\\VerifyCsrfToken.php(78): Illuminate\\Pipeline\\Pipeline->Illuminate\\Pipeline\\{closure}(Object(Illuminate\\Http\\Request))
#22 C:\\Users\\Cococaina\\Documents\\ApiGestorTareaWeb_Corregida_Final_V2\\ApiGestorTareaWeb_Final_V2\\ApiGestorTareaWeb\\vendor\\laravel\\framework\\src\\Illuminate\\Pipeline\\Pipeline.php(183): Illuminate\\Foundation\\Http\\Middleware\\VerifyCsrfToken->handle(Object(Illuminate\\Http\\Request), Object(Closure))
#23 C:\\Users\\Cococaina\\Documents\\ApiGestorTareaWeb_Corregida_Final_V2\\ApiGestorTareaWeb_Final_V2\\ApiGestorTareaWeb\\vendor\\laravel\\framework\\src\\Illuminate\\View\\Middleware\\ShareErrorsFromSession.php(49): Illuminate\\Pipeline\\Pipeline->Illuminate\\Pipeline\\{closure}(Object(Illuminate\\Http\\Request))
#24 C:\\Users\\Cococaina\\Documents\\ApiGestorTareaWeb_Corregida_Final_V2\\ApiGestorTareaWeb_Final_V2\\ApiGestorTareaWeb\\vendor\\laravel\\framework\\src\\Illuminate\\Pipeline\\Pipeline.php(183): Illuminate\\View\\Middleware\\ShareErrorsFromSession->handle(Object(Illuminate\\Http\\Request), Object(Closure))
#25 C:\\Users\\Cococaina\\Documents\\ApiGestorTareaWeb_Corregida_Final_V2\\ApiGestorTareaWeb_Final_V2\\ApiGestorTareaWeb\\vendor\\laravel\\framework\\src\\Illuminate\\Session\\Middleware\\StartSession.php(121): Illuminate\\Pipeline\\Pipeline->Illuminate\\Pipeline\\{closure}(Object(Illuminate\\Http\\Request))
#26 C:\\Users\\Cococaina\\Documents\\ApiGestorTareaWeb_Corregida_Final_V2\\ApiGestorTareaWeb_Final_V2\\ApiGestorTareaWeb\\vendor\\laravel\\framework\\src\\Illuminate\\Session\\Middleware\\StartSession.php(64): Illuminate\\Session\\Middleware\\StartSession->handleStatefulRequest(Object(Illuminate\\Http\\Request), Object(Illuminate\\Session\\Store), Object(Closure))
#27 C:\\Users\\Cococaina\\Documents\\ApiGestorTareaWeb_Corregida_Final_V2\\ApiGestorTareaWeb_Final_V2\\ApiGestorTareaWeb\\vendor\\laravel\\framework\\src\\Illuminate\\Pipeline\\Pipeline.php(183): Illuminate\\Session\\Middleware\\StartSession->handle(Object(Illuminate\\Http\\Request), Object(Closure))
#28 C:\\Users\\Cococaina\\Documents\\ApiGestorTareaWeb_Corregida_Final_V2\\ApiGestorTareaWeb_Final_V2\\ApiGestorTareaWeb\\vendor\\laravel\\framework\\src\\Illuminate\\Cookie\\Middleware\\AddQueuedCookiesToResponse.php(37): Illuminate\\Pipeline\\Pipeline->Illuminate\\Pipeline\\{closure}(Object(Illuminate\\Http\\Request))
#29 C:\\Users\\Cococaina\\Documents\\ApiGestorTareaWeb_Corregida_Final_V2\\ApiGestorTareaWeb_Final_V2\\ApiGestorTareaWeb\\vendor\\laravel\\framework\\src\\Illuminate\\Pipeline\\Pipeline.php(183): Illuminate\\Cookie\\Middleware\\AddQueuedCookiesToResponse->handle(Object(Illuminate\\Http\\Request), Object(Closure))
#30 C:\\Users\\Cococaina\\Documents\\ApiGestorTareaWeb_Corregida_Final_V2\\ApiGestorTareaWeb_Final_V2\\ApiGestorTareaWeb\\vendor\\laravel\\framework\\src\\Illuminate\\Cookie\\Middleware\\EncryptCookies.php(67): Illuminate\\Pipeline\\Pipeline->Illuminate\\Pipeline\\{closure}(Object(Illuminate\\Http\\Request))
#31 C:\\Users\\Cococaina\\Documents\\ApiGestorTareaWeb_Corregida_Final_V2\\ApiGestorTareaWeb_Final_V2\\ApiGestorTareaWeb\\vendor\\laravel\\framework\\src\\Illuminate\\Pipeline\\Pipeline.php(183): Illuminate\\Cookie\\Middleware\\EncryptCookies->handle(Object(Illuminate\\Http\\Request), Object(Closure))
#32 C:\\Users\\Cococaina\\Documents\\ApiGestorTareaWeb_Corregida_Final_V2\\ApiGestorTareaWeb_Final_V2\\ApiGestorTareaWeb\\vendor\\laravel\\framework\\src\\Illuminate\\Pipeline\\Pipeline.php(119): Illuminate\\Pipeline\\Pipeline->Illuminate\\Pipeline\\{closure}(Object(Illuminate\\Http\\Request))
#33 C:\\Users\\Cococaina\\Documents\\ApiGestorTareaWeb_Corregida_Final_V2\\ApiGestorTareaWeb_Final_V2\\ApiGestorTareaWeb\\vendor\\laravel\\framework\\src\\Illuminate\\Routing\\Router.php(807): Illuminate\\Pipeline\\Pipeline->then(Object(Closure))
#34 C:\\Users\\Cococaina\\Documents\\ApiGestorTareaWeb_Corregida_Final_V2\\ApiGestorTareaWeb_Final_V2\\ApiGestorTareaWeb\\vendor\\laravel\\framework\\src\\Illuminate\\Routing\\Router.php(784): Illuminate\\Routing\\Router->runRouteWithinStack(Object(Illuminate\\Routing\\Route), Object(Illuminate\\Http\\Request))
#35 C:\\Users\\Cococaina\\Documents\\ApiGestorTareaWeb_Corregida_Final_V2\\ApiGestorTareaWeb_Final_V2\\ApiGestorTareaWeb\\vendor\\laravel\\framework\\src\\Illuminate\\Routing\\Router.php(748): Illuminate\\Routing\\Router->runRoute(Object(Illuminate\\Http\\Request), Object(Illuminate\\Routing\\Route))
#36 C:\\Users\\Cococaina\\Documents\\ApiGestorTareaWeb_Corregida_Final_V2\\ApiGestorTareaWeb_Final_V2\\ApiGestorTareaWeb\\vendor\\laravel\\framework\\src\\Illuminate\\Routing\\Router.php(737): Illuminate\\Routing\\Router->dispatchToRoute(Object(Illuminate\\Http\\Request))
#37 C:\\Users\\Cococaina\\Documents\\ApiGestorTareaWeb_Corregida_Final_V2\\ApiGestorTareaWeb_Final_V2\\ApiGestorTareaWeb\\vendor\\laravel\\framework\\src\\Illuminate\\Foundation\\Http\\Kernel.php(200): Illuminate\\Routing\\Router->dispatch(Object(Illuminate\\Http\\Request))
#38 C:\\Users\\Cococaina\\Documents\\ApiGestorTareaWeb_Corregida_Final_V2\\ApiGestorTareaWeb_Final_V2\\ApiGestorTareaWeb\\vendor\\laravel\\framework\\src\\Illuminate\\Pipeline\\Pipeline.php(144): Illuminate\\Foundation\\Http\\Kernel->Illuminate\\Foundation\\Http\\{closure}(Object(Illuminate\\Http\\Request))
#39 C:\\Users\\Cococaina\\Documents\\ApiGestorTareaWeb_Corregida_Final_V2\\ApiGestorTareaWeb_Final_V2\\ApiGestorTareaWeb\\vendor\\laravel\\framework\\src\\Illuminate\\Foundation\\Http\\Middleware\\TransformsRequest.php(21): Illuminate\\Pipeline\\Pipeline->Illuminate\\Pipeline\\{closure}(Object(Illuminate\\Http\\Request))
#40 C:\\Users\\Cococaina\\Documents\\ApiGestorTareaWeb_Corregida_Final_V2\\ApiGestorTareaWeb_Final_V2\\ApiGestorTareaWeb\\vendor\\laravel\\framework\\src\\Illuminate\\Foundation\\Http\\Middleware\\ConvertEmptyStringsToNull.php(31): Illuminate\\Foundation\\Http\\Middleware\\TransformsRequest->handle(Object(Illuminate\\Http\\Request), Object(Closure))
#41 C:\\Users\\Cococaina\\Documents\\ApiGestorTareaWeb_Corregida_Final_V2\\ApiGestorTareaWeb_Final_V2\\ApiGestorTareaWeb\\vendor\\laravel\\framework\\src\\Illuminate\\Pipeline\\Pipeline.php(183): Illuminate\\Foundation\\Http\\Middleware\\ConvertEmptyStringsToNull->handle(Object(Illuminate\\Http\\Request), Object(Closure))
#42 C:\\Users\\Cococaina\\Documents\\ApiGestorTareaWeb_Corregida_Final_V2\\ApiGestorTareaWeb_Final_V2\\ApiGestorTareaWeb\\vendor\\laravel\\framework\\src\\Illuminate\\Foundation\\Http\\Middleware\\TransformsRequest.php(21): Illuminate\\Pipeline\\Pipeline->Illuminate\\Pipeline\\{closure}(Object(Illuminate\\Http\\Request))
#43 C:\\Users\\Cococaina\\Documents\\ApiGestorTareaWeb_Corregida_Final_V2\\ApiGestorTareaWeb_Final_V2\\ApiGestorTareaWeb\\vendor\\laravel\\framework\\src\\Illuminate\\Foundation\\Http\\Middleware\\TrimStrings.php(40): Illuminate\\Foundation\\Http\\Middleware\\TransformsRequest->handle(Object(Illuminate\\Http\\Request), Object(Closure))
#44 C:\\Users\\Cococaina\\Documents\\ApiGestorTareaWeb_Corregida_Final_V2\\ApiGestorTareaWeb_Final_V2\\ApiGestorTareaWeb\\vendor\\laravel\\framework\\src\\Illuminate\\Pipeline\\Pipeline.php(183): Illuminate\\Foundation\\Http\\Middleware\\TrimStrings->handle(Object(Illuminate\\Http\\Request), Object(Closure))
#45 C:\\Users\\Cococaina\\Documents\\ApiGestorTareaWeb_Corregida_Final_V2\\ApiGestorTareaWeb_Final_V2\\ApiGestorTareaWeb\\vendor\\laravel\\framework\\src\\Illuminate\\Foundation\\Http\\Middleware\\ValidatePostSize.php(27): Illuminate\\Pipeline\\Pipeline->Illuminate\\Pipeline\\{closure}(Object(Illuminate\\Http\\Request))
#46 C:\\Users\\Cococaina\\Documents\\ApiGestorTareaWeb_Corregida_Final_V2\\ApiGestorTareaWeb_Final_V2\\ApiGestorTareaWeb\\vendor\\laravel\\framework\\src\\Illuminate\\Pipeline\\Pipeline.php(183): Illuminate\\Foundation\\Http\\Middleware\\ValidatePostSize->handle(Object(Illuminate\\Http\\Request), Object(Closure))
#47 C:\\Users\\Cococaina\\Documents\\ApiGestorTareaWeb_Corregida_Final_V2\\ApiGestorTareaWeb_Final_V2\\ApiGestorTareaWeb\\vendor\\laravel\\framework\\src\\Illuminate\\Foundation\\Http\\Middleware\\PreventRequestsDuringMaintenance.php(99): Illuminate\\Pipeline\\Pipeline->Illuminate\\Pipeline\\{closure}(Object(Illuminate\\Http\\Request))
#48 C:\\Users\\Cococaina\\Documents\\ApiGestorTareaWeb_Corregida_Final_V2\\ApiGestorTareaWeb_Final_V2\\ApiGestorTareaWeb\\vendor\\laravel\\framework\\src\\Illuminate\\Pipeline\\Pipeline.php(183): Illuminate\\Foundation\\Http\\Middleware\\PreventRequestsDuringMaintenance->handle(Object(Illuminate\\Http\\Request), Object(Closure))
#49 C:\\Users\\Cococaina\\Documents\\ApiGestorTareaWeb_Corregida_Final_V2\\ApiGestorTareaWeb_Final_V2\\ApiGestorTareaWeb\\vendor\\laravel\\framework\\src\\Illuminate\\Http\\Middleware\\HandleCors.php(49): Illuminate\\Pipeline\\Pipeline->Illuminate\\Pipeline\\{closure}(Object(Illuminate\\Http\\Request))
#50 C:\\Users\\Cococaina\\Documents\\ApiGestorTareaWeb_Corregida_Final_V2\\ApiGestorTareaWeb_Final_V2\\ApiGestorTareaWeb\\vendor\\laravel\\framework\\src\\Illuminate\\Pipeline\\Pipeline.php(183): Illuminate\\Http\\Middleware\\HandleCors->handle(Object(Illuminate\\Http\\Request), Object(Closure))
#51 C:\\Users\\Cococaina\\Documents\\ApiGestorTareaWeb_Corregida_Final_V2\\ApiGestorTareaWeb_Final_V2\\ApiGestorTareaWeb\\vendor\\laravel\\framework\\src\\Illuminate\\Http\\Middleware\\TrustProxies.php(39): Illuminate\\Pipeline\\Pipeline->Illuminate\\Pipeline\\{closure}(Object(Illuminate\\Http\\Request))
#52 C:\\Users\\Cococaina\\Documents\\ApiGestorTareaWeb_Corregida_Final_V2\\ApiGestorTareaWeb_Final_V2\\ApiGestorTareaWeb\\vendor\\laravel\\framework\\src\\Illuminate\\Pipeline\\Pipeline.php(183): Illuminate\\Http\\Middleware\\TrustProxies->handle(Object(Illuminate\\Http\\Request), Object(Closure))
#53 C:\\Users\\Cococaina\\Documents\\ApiGestorTareaWeb_Corregida_Final_V2\\ApiGestorTareaWeb_Final_V2\\ApiGestorTareaWeb\\vendor\\laravel\\framework\\src\\Illuminate\\Pipeline\\Pipeline.php(119): Illuminate\\Pipeline\\Pipeline->Illuminate\\Pipeline\\{closure}(Object(Illuminate\\Http\\Request))
#54 C:\\Users\\Cococaina\\Documents\\ApiGestorTareaWeb_Corregida_Final_V2\\ApiGestorTareaWeb_Final_V2\\ApiGestorTareaWeb\\vendor\\laravel\\framework\\src\\Illuminate\\Foundation\\Http\\Kernel.php(175): Illuminate\\Pipeline\\Pipeline->then(Object(Closure))
#55 C:\\Users\\Cococaina\\Documents\\ApiGestorTareaWeb_Corregida_Final_V2\\ApiGestorTareaWeb_Final_V2\\ApiGestorTareaWeb\\vendor\\laravel\\framework\\src\\Illuminate\\Foundation\\Http\\Kernel.php(144): Illuminate\\Foundation\\Http\\Kernel->sendRequestThroughRouter(Object(Illuminate\\Http\\Request))
#56 C:\\Users\\Cococaina\\Documents\\ApiGestorTareaWeb_Corregida_Final_V2\\ApiGestorTareaWeb_Final_V2\\ApiGestorTareaWeb\\public\\index.php(52): Illuminate\\Foundation\\Http\\Kernel->handle(Object(Illuminate\\Http\\Request))
#57 C:\\Users\\Cococaina\\Documents\\ApiGestorTareaWeb_Corregida_Final_V2\\ApiGestorTareaWeb_Final_V2\\ApiGestorTareaWeb\\vendor\\laravel\\framework\\src\\Illuminate\\Foundation\\resources\\server.php(16): require_once('C:\\\\Users\\\\Cococa...')
#58 {main}
"} 
[2025-12-09 22:42:01] local.ERROR: file_put_contents(C:\Users\Cococaina\Documents\ApiGestorTareaWeb_Corregida_Final_V2\ApiGestorTareaWeb_Final_V2\ApiGestorTareaWeb\storage\framework/sessions/F7oJ8ls3gD7IQGcf8lZvem2rGKbeMDlkNrWYdG4y): Failed to open stream: No such file or directory {"exception":"[object] (ErrorException(code: 0): file_put_contents(C:\\Users\\Cococaina\\Documents\\ApiGestorTareaWeb_Corregida_Final_V2\\ApiGestorTareaWeb_Final_V2\\ApiGestorTareaWeb\\storage\\framework/sessions/F7oJ8ls3gD7IQGcf8lZvem2rGKbeMDlkNrWYdG4y): Failed to open stream: No such file or directory at C:\\Users\\Cococaina\\Documents\\ApiGestorTareaWeb_Corregida_Final_V2\\ApiGestorTareaWeb_Final_V2\\ApiGestorTareaWeb\\vendor\\laravel\\framework\\src\\Illuminate\\Filesystem\\Filesystem.php:204)
[stacktrace]
#0 C:\\Users\\Cococaina\\Documents\\ApiGestorTareaWeb_Corregida_Final_V2\\ApiGestorTareaWeb_Final_V2\\ApiGestorTareaWeb\\vendor\\laravel\\framework\\src\\Illuminate\\Foundation\\Bootstrap\\HandleExceptions.php(255): Illuminate\\Foundation\\Bootstrap\\HandleExceptions->handleError(2, 'file_put_conten...', 'C:\\\\Users\\\\Cococa...', 204)
#1 [internal function]: Illuminate\\Foundation\\Bootstrap\\HandleExceptions->Illuminate\\Foundation\\Bootstrap\\{closure}(2, 'file_put_conten...', 'C:\\\\Users\\\\Cococa...', 204)
#2 C:\\Users\\Cococaina\\Documents\\ApiGestorTareaWeb_Corregida_Final_V2\\ApiGestorTareaWeb_Final_V2\\ApiGestorTareaWeb\\vendor\\laravel\\framework\\src\\Illuminate\\Filesystem\\Filesystem.php(204): file_put_contents('C:\\\\Users\\\\Cococa...', 'a:3:{s:6:\"_toke...', 2)
#3 C:\\Users\\Cococaina\\Documents\\ApiGestorTareaWeb_Corregida_Final_V2\\ApiGestorTareaWeb_Final_V2\\ApiGestorTareaWeb\\vendor\\laravel\\framework\\src\\Illuminate\\Session\\FileSessionHandler.php(90): Illuminate\\Filesystem\\Filesystem->put('C:\\\\Users\\\\Cococa...', 'a:3:{s:6:\"_toke...', true)
#4 C:\\Users\\Cococaina\\Documents\\ApiGestorTareaWeb_Corregida_Final_V2\\ApiGestorTareaWeb_Final_V2\\ApiGestorTareaWeb\\vendor\\laravel\\framework\\src\\Illuminate\\Session\\Store.php(173): Illuminate\\Session\\FileSessionHandler->write('F7oJ8ls3gD7IQGc...', 'a:3:{s:6:\"_toke...')
#5 C:\\Users\\Cococaina\\Documents\\ApiGestorTareaWeb_Corregida_Final_V2\\ApiGestorTareaWeb_Final_V2\\ApiGestorTareaWeb\\vendor\\laravel\\framework\\src\\Illuminate\\Session\\Middleware\\StartSession.php(245): Illuminate\\Session\\Store->save()
#6 C:\\Users\\Cococaina\\Documents\\ApiGestorTareaWeb_Corregida_Final_V2\\ApiGestorTareaWeb_Final_V2\\ApiGestorTareaWeb\\vendor\\laravel\\framework\\src\\Illuminate\\Session\\Middleware\\StartSession.php(130): Illuminate\\Session\\Middleware\\StartSession->saveSession(Object(Illuminate\\Http\\Request))
#7 C:\\Users\\Cococaina\\Documents\\ApiGestorTareaWeb_Corregida_Final_V2\\ApiGestorTareaWeb_Final_V2\\ApiGestorTareaWeb\\vendor\\laravel\\framework\\src\\Illuminate\\Session\\Middleware\\StartSession.php(64): Illuminate\\Session\\Middleware\\StartSession->handleStatefulRequest(Object(Illuminate\\Http\\Request), Object(Illuminate\\Session\\Store), Object(Closure))
#8 C:\\Users\\Cococaina\\Documents\\ApiGestorTareaWeb_Corregida_Final_V2\\ApiGestorTareaWeb_Final_V2\\ApiGestorTareaWeb\\vendor\\laravel\\framework\\src\\Illuminate\\Pipeline\\Pipeline.php(183): Illuminate\\Session\\Middleware\\StartSession->handle(Object(Illuminate\\Http\\Request), Object(Closure))
#9 C:\\Users\\Cococaina\\Documents\\ApiGestorTareaWeb_Corregida_Final_V2\\ApiGestorTareaWeb_Final_V2\\ApiGestorTareaWeb\\vendor\\laravel\\framework\\src\\Illuminate\\Cookie\\Middleware\\AddQueuedCookiesToResponse.php(37): Illuminate\\Pipeline\\Pipeline->Illuminate\\Pipeline\\{closure}(Object(Illuminate\\Http\\Request))
#10 C:\\Users\\Cococaina\\Documents\\ApiGestorTareaWeb_Corregida_Final_V2\\ApiGestorTareaWeb_Final_V2\\ApiGestorTareaWeb\\vendor\\laravel\\framework\\src\\Illuminate\\Pipeline\\Pipeline.php(183): Illuminate\\Cookie\\Middleware\\AddQueuedCookiesToResponse->handle(Object(Illuminate\\Http\\Request), Object(Closure))
#11 C:\\Users\\Cococaina\\Documents\\ApiGestorTareaWeb_Corregida_Final_V2\\ApiGestorTareaWeb_Final_V2\\ApiGestorTareaWeb\\vendor\\laravel\\framework\\src\\Illuminate\\Cookie\\Middleware\\EncryptCookies.php(67): Illuminate\\Pipeline\\Pipeline->Illuminate\\Pipeline\\{closure}(Object(Illuminate\\Http\\Request))
#12 C:\\Users\\Cococaina\\Documents\\ApiGestorTareaWeb_Corregida_Final_V2\\ApiGestorTareaWeb_Final_V2\\ApiGestorTareaWeb\\vendor\\laravel\\framework\\src\\Illuminate\\Pipeline\\Pipeline.php(183): Illuminate\\Cookie\\Middleware\\EncryptCookies->handle(Object(Illuminate\\Http\\Request), Object(Closure))
#13 C:\\Users\\Cococaina\\Documents\\ApiGestorTareaWeb_Corregida_Final_V2\\ApiGestorTareaWeb_Final_V2\\ApiGestorTareaWeb\\vendor\\laravel\\framework\\src\\Illuminate\\Pipeline\\Pipeline.php(119): Illuminate\\Pipeline\\Pipeline->Illuminate\\Pipeline\\{closure}(Object(Illuminate\\Http\\Request))
#14 C:\\Users\\Cococaina\\Documents\\ApiGestorTareaWeb_Corregida_Final_V2\\ApiGestorTareaWeb_Final_V2\\ApiGestorTareaWeb\\vendor\\laravel\\framework\\src\\Illuminate\\Routing\\Router.php(807): Illuminate\\Pipeline\\Pipeline->then(Object(Closure))
#15 C:\\Users\\Cococaina\\Documents\\ApiGestorTareaWeb_Corregida_Final_V2\\ApiGestorTareaWeb_Final_V2\\ApiGestorTareaWeb\\vendor\\laravel\\framework\\src\\Illuminate\\Routing\\Router.php(784): Illuminate\\Routing\\Router->runRouteWithinStack(Object(Illuminate\\Routing\\Route), Object(Illuminate\\Http\\Request))
#16 C:\\Users\\Cococaina\\Documents\\ApiGestorTareaWeb_Corregida_Final_V2\\ApiGestorTareaWeb_Final_V2\\ApiGestorTareaWeb\\vendor\\laravel\\framework\\src\\Illuminate\\Routing\\Router.php(748): Illuminate\\Routing\\Router->runRoute(Object(Illuminate\\Http\\Request), Object(Illuminate\\Routing\\Route))
#17 C:\\Users\\Cococaina\\Documents\\ApiGestorTareaWeb_Corregida_Final_V2\\ApiGestorTareaWeb_Final_V2\\ApiGestorTareaWeb\\vendor\\laravel\\framework\\src\\Illuminate\\Routing\\Router.php(737): Illuminate\\Routing\\Router->dispatchToRoute(Object(Illuminate\\Http\\Request))
#18 C:\\Users\\Cococaina\\Documents\\ApiGestorTareaWeb_Corregida_Final_V2\\ApiGestorTareaWeb_Final_V2\\ApiGestorTareaWeb\\vendor\\laravel\\framework\\src\\Illuminate\\Foundation\\Http\\Kernel.php(200): Illuminate\\Routing\\Router->dispatch(Object(Illuminate\\Http\\Request))
#19 C:\\Users\\Cococaina\\Documents\\ApiGestorTareaWeb_Corregida_Final_V2\\ApiGestorTareaWeb_Final_V2\\ApiGestorTareaWeb\\vendor\\laravel\\framework\\src\\Illuminate\\Pipeline\\Pipeline.php(144): Illuminate\\Foundation\\Http\\Kernel->Illuminate\\Foundation\\Http\\{closure}(Object(Illuminate\\Http\\Request))
#20 C:\\Users\\Cococaina\\Documents\\ApiGestorTareaWeb_Corregida_Final_V2\\ApiGestorTareaWeb_Final_V2\\ApiGestorTareaWeb\\vendor\\laravel\\framework\\src\\Illuminate\\Foundation\\Http\\Middleware\\TransformsRequest.php(21): Illuminate\\Pipeline\\Pipeline->Illuminate\\Pipeline\\{closure}(Object(Illuminate\\Http\\Request))
#21 C:\\Users\\Cococaina\\Documents\\ApiGestorTareaWeb_Corregida_Final_V2\\ApiGestorTareaWeb_Final_V2\\ApiGestorTareaWeb\\vendor\\laravel\\framework\\src\\Illuminate\\Foundation\\Http\\Middleware\\ConvertEmptyStringsToNull.php(31): Illuminate\\Foundation\\Http\\Middleware\\TransformsRequest->handle(Object(Illuminate\\Http\\Request), Object(Closure))
#22 C:\\Users\\Cococaina\\Documents\\ApiGestorTareaWeb_Corregida_Final_V2\\ApiGestorTareaWeb_Final_V2\\ApiGestorTareaWeb\\vendor\\laravel\\framework\\src\\Illuminate\\Pipeline\\Pipeline.php(183): Illuminate\\Foundation\\Http\\Middleware\\ConvertEmptyStringsToNull->handle(Object(Illuminate\\Http\\Request), Object(Closure))
#23 C:\\Users\\Cococaina\\Documents\\ApiGestorTareaWeb_Corregida_Final_V2\\ApiGestorTareaWeb_Final_V2\\ApiGestorTareaWeb\\vendor\\laravel\\framework\\src\\Illuminate\\Foundation\\Http\\Middleware\\TransformsRequest.php(21): Illuminate\\Pipeline\\Pipeline->Illuminate\\Pipeline\\{closure}(Object(Illuminate\\Http\\Request))
#24 C:\\Users\\Cococaina\\Documents\\ApiGestorTareaWeb_Corregida_Final_V2\\ApiGestorTareaWeb_Final_V2\\ApiGestorTareaWeb\\vendor\\laravel\\framework\\src\\Illuminate\\Foundation\\Http\\Middleware\\TrimStrings.php(40): Illuminate\\Foundation\\Http\\Middleware\\TransformsRequest->handle(Object(Illuminate\\Http\\Request), Object(Closure))
#25 C:\\Users\\Cococaina\\Documents\\ApiGestorTareaWeb_Corregida_Final_V2\\ApiGestorTareaWeb_Final_V2\\ApiGestorTareaWeb\\vendor\\laravel\\framework\\src\\Illuminate\\Pipeline\\Pipeline.php(183): Illuminate\\Foundation\\Http\\Middleware\\TrimStrings->handle(Object(Illuminate\\Http\\Request), Object(Closure))
#26 C:\\Users\\Cococaina\\Documents\\ApiGestorTareaWeb_Corregida_Final_V2\\ApiGestorTareaWeb_Final_V2\\ApiGestorTareaWeb\\vendor\\laravel\\framework\\src\\Illuminate\\Foundation\\Http\\Middleware\\ValidatePostSize.php(27): Illuminate\\Pipeline\\Pipeline->Illuminate\\Pipeline\\{closure}(Object(Illuminate\\Http\\Request))
#27 C:\\Users\\Cococaina\\Documents\\ApiGestorTareaWeb_Corregida_Final_V2\\ApiGestorTareaWeb_Final_V2\\ApiGestorTareaWeb\\vendor\\laravel\\framework\\src\\Illuminate\\Pipeline\\Pipeline.php(183): Illuminate\\Foundation\\Http\\Middleware\\ValidatePostSize->handle(Object(Illuminate\\Http\\Request), Object(Closure))
#28 C:\\Users\\Cococaina\\Documents\\ApiGestorTareaWeb_Corregida_Final_V2\\ApiGestorTareaWeb_Final_V2\\ApiGestorTareaWeb\\vendor\\laravel\\framework\\src\\Illuminate\\Foundation\\Http\\Middleware\\PreventRequestsDuringMaintenance.php(99): Illuminate\\Pipeline\\Pipeline->Illuminate\\Pipeline\\{closure}(Object(Illuminate\\Http\\Request))
#29 C:\\Users\\Cococaina\\Documents\\ApiGestorTareaWeb_Corregida_Final_V2\\ApiGestorTareaWeb_Final_V2\\ApiGestorTareaWeb\\vendor\\laravel\\framework\\src\\Illuminate\\Pipeline\\Pipeline.php(183): Illuminate\\Foundation\\Http\\Middleware\\PreventRequestsDuringMaintenance->handle(Object(Illuminate\\Http\\Request), Object(Closure))
#30 C:\\Users\\Cococaina\\Documents\\ApiGestorTareaWeb_Corregida_Final_V2\\ApiGestorTareaWeb_Final_V2\\ApiGestorTareaWeb\\vendor\\laravel\\framework\\src\\Illuminate\\Http\\Middleware\\HandleCors.php(49): Illuminate\\Pipeline\\Pipeline->Illuminate\\Pipeline\\{closure}(Object(Illuminate\\Http\\Request))
#31 C:\\Users\\Cococaina\\Documents\\ApiGestorTareaWeb_Corregida_Final_V2\\ApiGestorTareaWeb_Final_V2\\ApiGestorTareaWeb\\vendor\\laravel\\framework\\src\\Illuminate\\Pipeline\\Pipeline.php(183): Illuminate\\Http\\Middleware\\HandleCors->handle(Object(Illuminate\\Http\\Request), Object(Closure))
#32 C:\\Users\\Cococaina\\Documents\\ApiGestorTareaWeb_Corregida_Final_V2\\ApiGestorTareaWeb_Final_V2\\ApiGestorTareaWeb\\vendor\\laravel\\framework\\src\\Illuminate\\Http\\Middleware\\TrustProxies.php(39): Illuminate\\Pipeline\\Pipeline->Illuminate\\Pipeline\\{closure}(Object(Illuminate\\Http\\Request))
#33 C:\\Users\\Cococaina\\Documents\\ApiGestorTareaWeb_Corregida_Final_V2\\ApiGestorTareaWeb_Final_V2\\ApiGestorTareaWeb\\vendor\\laravel\\framework\\src\\Illuminate\\Pipeline\\Pipeline.php(183): Illuminate\\Http\\Middleware\\TrustProxies->handle(Object(Illuminate\\Http\\Request), Object(Closure))
#34 C:\\Users\\Cococaina\\Documents\\ApiGestorTareaWeb_Corregida_Final_V2\\ApiGestorTareaWeb_Final_V2\\ApiGestorTareaWeb\\vendor\\laravel\\framework\\src\\Illuminate\\Pipeline\\Pipeline.php(119): Illuminate\\Pipeline\\Pipeline->Illuminate\\Pipeline\\{closure}(Object(Illuminate\\Http\\Request))
#35 C:\\Users\\Cococaina\\Documents\\ApiGestorTareaWeb_Corregida_Final_V2\\ApiGestorTareaWeb_Final_V2\\ApiGestorTareaWeb\\vendor\\laravel\\framework\\src\\Illuminate\\Foundation\\Http\\Kernel.php(175): Illuminate\\Pipeline\\Pipeline->then(Object(Closure))
#36 C:\\Users\\Cococaina\\Documents\\ApiGestorTareaWeb_Corregida_Final_V2\\ApiGestorTareaWeb_Final_V2\\ApiGestorTareaWeb\\vendor\\laravel\\framework\\src\\Illuminate\\Foundation\\Http\\Kernel.php(144): Illuminate\\Foundation\\Http\\Kernel->sendRequestThroughRouter(Object(Illuminate\\Http\\Request))
#37 C:\\Users\\Cococaina\\Documents\\ApiGestorTareaWeb_Corregida_Final_V2\\ApiGestorTareaWeb_Final_V2\\ApiGestorTareaWeb\\public\\index.php(52): Illuminate\\Foundation\\Http\\Kernel->handle(Object(Illuminate\\Http\\Request))
#38 C:\\Users\\Cococaina\\Documents\\ApiGestorTareaWeb_Corregida_Final_V2\\ApiGestorTareaWeb_Final_V2\\ApiGestorTareaWeb\\vendor\\laravel\\framework\\src\\Illuminate\\Foundation\\resources\\server.php(16): require_once('C:\\\\Users\\\\Cococa...')
#39 {main}
"} 
